<?xml version="1.0" encoding="UTF-8"?>
<!-- Generated by org.testng.reporters.JUnitXMLReporter -->
<testsuite ignored="0" hostname="HYPERSPACE" failures="0" tests="5" name="Default test" time="8.232" errors="0" timestamp="2024-08-18T15:00:11 IST">
  <testcase classname="api.test.StoreTests" name="testGetStoreInventory" time="2.463"/>
  <testcase classname="api.test.StoreTests" name="testCreateOrderPet" time="1.367"/>
  <testcase classname="api.test.StoreTests" name="testGetOrderDetailsById" time="1.162"/>
  <testcase classname="api.test.StoreTests" name="testDeleteOrderById" time="1.632"/>
  <testcase classname="api.test.StoreTests" name="testDeletedOrderPresence" time="1.082"/>
</testsuite> <!-- Default test -->
