<?xml version="1.0" encoding="UTF-8"?>
<!-- Generated by org.testng.reporters.JUnitXMLReporter -->
<testsuite ignored="0" hostname="HYPERSPACE" failures="0" tests="4" name="Default test" time="7.79" errors="0" timestamp="2024-08-18T12:59:34 IST">
  <testcase classname="api.test.UserTests2" name="testPostUser" time="2.553"/>
  <testcase classname="api.test.UserTests2" name="testGetUserByName" time="1.12"/>
  <testcase classname="api.test.UserTests2" name="testUpdateUserByName" time="2.219"/>
  <testcase classname="api.test.UserTests2" name="testDeleteUserByName" time="1.159"/>
</testsuite> <!-- Default test -->
