<?xml version="1.0" encoding="UTF-8"?>
<testng-results ignored="0" total="9" passed="9" failed="0" skipped="0">
  <reporter-output>
  </reporter-output>
  <suite started-at="2024-08-18T15:07:08 IST" name="PetSuite" finished-at="2024-08-18T15:07:22 IST" duration-ms="14514">
    <groups>
    </groups>
    <test started-at="2024-08-18T15:07:08 IST" name="PetTests" finished-at="2024-08-18T15:07:16 IST" duration-ms="8056">
      <class name="api.test.UserTests">
        <test-method is-config="true" signature="setup()[pri:0, instance:api.test.UserTests@1a942c18]" started-at="2024-08-18T15:07:08 IST" name="setup" finished-at="2024-08-18T15:07:09 IST" duration-ms="619" status="PASS">
          <reporter-output>
          </reporter-output>
        </test-method> <!-- setup -->
        <test-method signature="testPostUser()[pri:1, instance:api.test.UserTests@1a942c18]" started-at="2024-08-18T15:07:09 IST" name="testPostUser" finished-at="2024-08-18T15:07:11 IST" duration-ms="2664" status="PASS">
          <reporter-output>
          </reporter-output>
        </test-method> <!-- testPostUser -->
        <test-method signature="testGetUserByName()[pri:2, instance:api.test.UserTests@1a942c18]" started-at="2024-08-18T15:07:11 IST" name="testGetUserByName" finished-at="2024-08-18T15:07:13 IST" duration-ms="1197" status="PASS">
          <reporter-output>
          </reporter-output>
        </test-method> <!-- testGetUserByName -->
        <test-method signature="testUpdateUserByName()[pri:3, instance:api.test.UserTests@1a942c18]" started-at="2024-08-18T15:07:13 IST" name="testUpdateUserByName" finished-at="2024-08-18T15:07:15 IST" duration-ms="2297" status="PASS">
          <reporter-output>
          </reporter-output>
        </test-method> <!-- testUpdateUserByName -->
        <test-method signature="testDeleteUserByName()[pri:4, instance:api.test.UserTests@1a942c18]" started-at="2024-08-18T15:07:15 IST" name="testDeleteUserByName" finished-at="2024-08-18T15:07:16 IST" duration-ms="1040" status="PASS">
          <reporter-output>
          </reporter-output>
        </test-method> <!-- testDeleteUserByName -->
      </class> <!-- api.test.UserTests -->
    </test> <!-- PetTests -->
    <test started-at="2024-08-18T15:07:16 IST" name="StoreTests" finished-at="2024-08-18T15:07:22 IST" duration-ms="6233">
      <class name="api.test.StoreTests">
        <test-method is-config="true" signature="setup()[pri:0, instance:api.test.StoreTests@742ff096]" started-at="2024-08-18T15:07:16 IST" name="setup" finished-at="2024-08-18T15:07:16 IST" duration-ms="3" status="PASS">
          <reporter-output>
          </reporter-output>
        </test-method> <!-- setup -->
        <test-method signature="testGetStoreInventory()[pri:5, instance:api.test.StoreTests@742ff096]" started-at="2024-08-18T15:07:16 IST" name="testGetStoreInventory" finished-at="2024-08-18T15:07:17 IST" duration-ms="1058" status="PASS">
          <reporter-output>
          </reporter-output>
        </test-method> <!-- testGetStoreInventory -->
        <test-method signature="testCreateOrderPet()[pri:6, instance:api.test.StoreTests@742ff096]" started-at="2024-08-18T15:07:17 IST" name="testCreateOrderPet" finished-at="2024-08-18T15:07:18 IST" duration-ms="1142" status="PASS">
          <reporter-output>
          </reporter-output>
        </test-method> <!-- testCreateOrderPet -->
        <test-method signature="testGetOrderDetailsById()[pri:7, instance:api.test.StoreTests@742ff096]" started-at="2024-08-18T15:07:18 IST" name="testGetOrderDetailsById" finished-at="2024-08-18T15:07:20 IST" duration-ms="1107" status="PASS">
          <reporter-output>
          </reporter-output>
        </test-method> <!-- testGetOrderDetailsById -->
        <test-method signature="testDeleteOrderById()[pri:8, instance:api.test.StoreTests@742ff096]" started-at="2024-08-18T15:07:20 IST" name="testDeleteOrderById" finished-at="2024-08-18T15:07:21 IST" duration-ms="1750" status="PASS">
          <reporter-output>
          </reporter-output>
        </test-method> <!-- testDeleteOrderById -->
        <test-method signature="testDeletedOrderPresence()[pri:9, instance:api.test.StoreTests@742ff096]" started-at="2024-08-18T15:07:21 IST" name="testDeletedOrderPresence" finished-at="2024-08-18T15:07:22 IST" duration-ms="1163" status="PASS">
          <reporter-output>
          </reporter-output>
        </test-method> <!-- testDeletedOrderPresence -->
      </class> <!-- api.test.StoreTests -->
    </test> <!-- StoreTests -->
  </suite> <!-- PetSuite -->
</testng-results>
