<?xml version="1.0" encoding="UTF-8"?>
<!-- Generated by org.testng.reporters.JUnitXMLReporter -->
<testsuite ignored="0" hostname="HYPERSPACE" failures="0" tests="4" name="PetTests" time="7.861" errors="0" timestamp="2024-08-18T13:04:13 IST">
  <testcase classname="api.test.UserTests2" name="testPostUser" time="2.712"/>
  <testcase classname="api.test.UserTests2" name="testGetUserByName" time="1.083"/>
  <testcase classname="api.test.UserTests2" name="testUpdateUserByName" time="2.101"/>
  <testcase classname="api.test.UserTests2" name="testDeleteUserByName" time="1.068"/>
</testsuite> <!-- PetTests -->
