<?xml version="1.0" encoding="UTF-8"?>
<!-- Generated by org.testng.reporters.JUnitXMLReporter -->
<testsuite ignored="0" hostname="HYPERSPACE" failures="0" tests="4" name="PetTests" time="8.056" errors="0" timestamp="2024-08-18T15:07:16 IST">
  <testcase classname="api.test.UserTests" name="testPostUser" time="2.664"/>
  <testcase classname="api.test.UserTests" name="testGetUserByName" time="1.197"/>
  <testcase classname="api.test.UserTests" name="testUpdateUserByName" time="2.297"/>
  <testcase classname="api.test.UserTests" name="testDeleteUserByName" time="1.04"/>
</testsuite> <!-- PetTests -->
