<?xml version="1.0" encoding="UTF-8"?>
<!-- Generated by org.testng.reporters.JUnitXMLReporter -->
<testsuite ignored="0" hostname="HYPERSPACE" failures="0" tests="5" name="StoreTests" time="6.233" errors="0" timestamp="2024-08-18T15:07:23 IST">
  <testcase classname="api.test.StoreTests" name="testGetStoreInventory" time="1.058"/>
  <testcase classname="api.test.StoreTests" name="testCreateOrderPet" time="1.142"/>
  <testcase classname="api.test.StoreTests" name="testGetOrderDetailsById" time="1.107"/>
  <testcase classname="api.test.StoreTests" name="testDeleteOrderById" time="1.75"/>
  <testcase classname="api.test.StoreTests" name="testDeletedOrderPresence" time="1.163"/>
</testsuite> <!-- StoreTests -->
